<?xml version="1.0" encoding="UTF-8"?>
<testng-results ignored="0" total="1" passed="1" failed="0" skipped="0">
  <reporter-output>
  </reporter-output>
  <suite started-at="2024-04-03T13:16:12 EEST" name="Default suite" finished-at="2024-04-03T13:16:26 EEST" duration-ms="14293">
    <groups>
    </groups>
    <test started-at="2024-04-03T13:16:12 EEST" name="Default test" finished-at="2024-04-03T13:16:26 EEST" duration-ms="14293">
      <class name="ui.MainPage">
        <test-method signature="verifyMainPageTitle()[pri:0, instance:ui.MainPage@4738a206]" started-at="2024-04-03T13:16:12 EEST" name="verifyMainPageTitle" finished-at="2024-04-03T13:16:26 EEST" duration-ms="14225" status="PASS">
          <reporter-output>
          </reporter-output>
        </test-method> <!-- verifyMainPageTitle -->
      </class> <!-- ui.MainPage -->
    </test> <!-- Default test -->
  </suite> <!-- Default suite -->
</testng-results>
