<?xml version="1.0" encoding="UTF-8"?>
<!-- Generated by org.testng.reporters.JUnitXMLReporter -->
<testsuite ignored="4" hostname="LAPTOP-T1J4O653" failures="0" tests="1" name="GRP-regression" time="0.404" errors="0" timestamp="2024-03-05T19:12:57 EET">
  <testcase classname="ui.Login" name="testCase5" time="0.052"/>
  <testcase classname="ui.Login" name="testCase4" time="0.0">
    <ignored/>
  </testcase> <!-- testCase4 -->
  <testcase classname="ui.Login" name="primulTestCase" time="0.0">
    <ignored/>
  </testcase> <!-- primulTestCase -->
  <testcase classname="ui.Login" name="alDoileaTestCase" time="0.0">
    <ignored/>
  </testcase> <!-- alDoileaTestCase -->
  <testcase classname="ui.Login" name="alTreileaTestCase" time="0.0">
    <ignored/>
  </testcase> <!-- alTreileaTestCase -->
</testsuite> <!-- GRP-regression -->
