<?xml version="1.0" encoding="UTF-8"?>
<!-- Generated by org.testng.reporters.JUnitXMLReporter -->
<testsuite ignored="1" hostname="LAPTOP-T1J4O653" failures="1" tests="2" name="Test" time="20.006" errors="0" timestamp="2024-03-14T21:39:53 EET">
  <testcase classname="ui.SimpleClass" name="launchApp" time="5.326"/>
  <testcase classname="ui.SimpleClass" name="launchApp" time="5.375">
    <failure type="java.lang.AssertionError" message="expected [true] but found [false]">
      <![CDATA[java.lang.AssertionError: expected [true] but found [false]
at ui.ListenerTest.onTestSuccess(ListenerTest.java:16)
at java.base/java.util.ArrayList.forEach(ArrayList.java:1511)
... Removed 28 stack frames]]>
    </failure>
  </testcase> <!-- launchApp -->
  <testcase classname="ui.DriverClass" name="@BeforeTest LaunchDriver" time="0.0">
    <ignored/>
  </testcase> <!-- @BeforeTest LaunchDriver -->
</testsuite> <!-- Test -->
